Base path: C:/Program Files (x86)/Unity/Editor/Data
Pipe name: \\.\pipe\UnityShaderCompiler-1-10028
Cmd: getPlatforms
Cmd: preprocess
  insize=2022 outsize=638 ok=1
Cmd: compileSnippet
  api=4 type=0 insize=1630 outsize=1485 kw= ok=1
Cmd: compileSnippet
  api=4 type=1 insize=1630 outsize=1965 kw= ok=1
Cmd: preprocess
  insize=2172 outsize=624 ok=1
Cmd: compileSnippet
  api=4 type=0 insize=1805 outsize=1128 kw= ok=1
Cmd: compileSnippet
  api=4 type=1 insize=1805 outsize=1688 kw= ok=1
Cmd: preprocess
  insize=1511 outsize=581 ok=1
Cmd: compileSnippet
  api=4 type=0 insize=1189 outsize=1558 kw= ok=1
Cmd: compileSnippet
  api=4 type=1 insize=1189 outsize=1372 kw= ok=1
Cmd: preprocess
  insize=9251 outsize=1204 ok=1
Cmd: preprocess
  insize=1773 outsize=674 ok=1
Cmd: compileSnippet
  api=4 type=0 insize=1354 outsize=1632 kw= ok=1
Cmd: compileSnippet
  api=4 type=1 insize=1354 outsize=1437 kw= ok=1
Cmd: preprocess
  insize=1729 outsize=630 ok=1
Cmd: compileSnippet
  api=4 type=0 insize=1355 outsize=1485 kw= ok=1
Cmd: compileSnippet
  api=4 type=1 insize=1355 outsize=1502 kw= ok=1
Cmd: preprocess
  insize=1277 outsize=473 ok=1
Cmd: compileSnippet
  api=4 type=0 insize=1066 outsize=1055 kw= ok=1
Cmd: compileSnippet
  api=4 type=1 insize=1066 outsize=1217 kw= ok=1
Cmd: preprocess
  insize=686 outsize=1313 ok=1
Cmd: compileSnippet
  api=4 type=0 insize=4971 outsize=3094 kw=DIRECTIONAL SHADOWS_OFF LIGHTMAP_OFF DIRLIGHTMAP_OFF ok=1
Cmd: compileSnippet
  api=4 type=1 insize=4971 outsize=1437 kw=DIRECTIONAL SHADOWS_OFF LIGHTMAP_OFF DIRLIGHTMAP_OFF ok=1
Cmd: compileSnippet
  api=4 type=0 insize=2508 outsize=3053 kw=POINT ok=1
Cmd: compileSnippet
  api=4 type=1 insize=2508 outsize=1713 kw=POINT ok=1
Cmd: compileSnippet
  api=4 type=0 insize=1885 outsize=1477 kw= ok=1
Cmd: compileSnippet
  api=4 type=1 insize=1885 outsize=632 kw= ok=1
Cmd: compileSnippet
  api=4 type=0 insize=4376 outsize=2883 kw=LIGHTMAP_OFF DIRLIGHTMAP_OFF HDR_LIGHT_PREPASS_OFF ok=1
Cmd: compileSnippet
  api=4 type=1 insize=4376 outsize=1331 kw=LIGHTMAP_OFF DIRLIGHTMAP_OFF HDR_LIGHT_PREPASS_OFF ok=1
Cmd: preprocess
  insize=1558 outsize=547 ok=1
Cmd: compileSnippet
  api=4 type=0 insize=1265 outsize=1347 kw= ok=1
Cmd: compileSnippet
  api=4 type=1 insize=1265 outsize=1437 kw= ok=1
Cmd: preprocess
  insize=889 outsize=396 ok=1
Cmd: compileSnippet
  api=4 type=0 insize=773 outsize=1128 kw= ok=1
Cmd: compileSnippet
  api=4 type=1 insize=773 outsize=819 kw= ok=1
Cmd: preprocess
  insize=734 outsize=494 ok=1
Cmd: compileSnippet
  api=4 type=0 insize=528 outsize=1128 kw= ok=1
Cmd: compileSnippet
  api=4 type=1 insize=528 outsize=868 kw= ok=1
Cmd: preprocess
  insize=623 outsize=623 ok=1
Cmd: preprocess
  insize=873 outsize=447 ok=1
Cmd: compileSnippet
  api=4 type=0 insize=709 outsize=1128 kw= ok=1
Cmd: compileSnippet
  api=4 type=1 insize=709 outsize=1047 kw= ok=1
Cmd: preprocess
  error: 1 plat 12 at (100): Compiling shaders to OpenGL ES 2.0, Xbox 360, PS3, Flash or DX11 requires both vertex and fragment programs
  insize=2780 outsize=1538 ok=1
Cmd: compileSnippet
  api=4 type=0 insize=1301 outsize=2103 kw= ok=1
Cmd: compileSnippet
  api=4 type=1 insize=1301 outsize=1583 kw= ok=1
Cmd: preprocess
  insize=487 outsize=487 ok=1
Cmd: preprocess
  insize=941 outsize=317 ok=1
Cmd: compileSnippet
  api=4 type=0 insize=894 outsize=990 kw= ok=1
Cmd: compileSnippet
  api=4 type=1 insize=894 outsize=1193 kw= ok=1
Cmd: preprocess
  insize=1406 outsize=783 ok=1
Cmd: compileSnippet
  api=4 type=0 insize=893 outsize=1266 kw= ok=1
Cmd: compileSnippet
  api=4 type=1 insize=893 outsize=1022 kw= ok=1
Cmd: compileSnippet
  api=4 type=0 insize=2508 outsize=2338 kw=DIRECTIONAL ok=1
Cmd: compileSnippet
  api=4 type=1 insize=2508 outsize=1242 kw=DIRECTIONAL ok=1
